<?xml version="1.0" encoding="UTF-8"?>
<testsuite name="FooBarQixTest" tests="2" skipped="0" failures="0" errors="0" timestamp="2019-03-20T19:30:40" hostname="MacBook-Pro-7.local" time="0.001">
  <properties/>
  <testcase name="give_a_one_should_return_one" classname="FooBarQixTest" time="0.001"/>
  <testcase name="given_three_returns_foo" classname="FooBarQixTest" time="0.0"/>
  <system-out><![CDATA[]]></system-out>
  <system-err><![CDATA[]]></system-err>
</testsuite>
