<?xml version="1.0" encoding="UTF-8"?>
<testsuite name="FooBarQixTest" tests="9" skipped="0" failures="0" errors="0" timestamp="2019-03-20T19:58:23" hostname="MacBook-Pro-7.local" time="0.003">
  <properties/>
  <testcase name="contains_digit_five_and_is_multiple_of_five_and_seven_should_return_barqixfoobar" classname="FooBarQixTest" time="0.001"/>
  <testcase name="given_seven_should_return_qixqix" classname="FooBarQixTest" time="0.0"/>
  <testcase name="contains_digit_five_and_divisible_by_five_should_return_barbar" classname="FooBarQixTest" time="0.0"/>
  <testcase name="given_thirty_three_by_three_returns_foofoofoo" classname="FooBarQixTest" time="0.0"/>
  <testcase name="given_five_should_return_bar" classname="FooBarQixTest" time="0.0"/>
  <testcase name="give_a_one_should_return_one" classname="FooBarQixTest" time="0.0"/>
  <testcase name="contains_digit_three_should_return_foo" classname="FooBarQixTest" time="0.0"/>
  <testcase name="contains_digit_seven_and_divisible_by_seven_should_return_qixqixqix" classname="FooBarQixTest" time="0.001"/>
  <testcase name="given_three_by_three_returns_foofoo" classname="FooBarQixTest" time="0.0"/>
  <system-out><![CDATA[]]></system-out>
  <system-err><![CDATA[]]></system-err>
</testsuite>
